Arguments: 
  /Users/pablolizardo/.nvm/versions/node/v12.13.1/bin/node /usr/local/Cellar/yarn/1.5.1_1/libexec/bin/yarn.js start

PATH: 
  /usr/local/Cellar/php@7.3/7.3.18/bin:/usr/local/opt/php@7.3/sbin:/usr/local/opt/php@7.3/bin:/Users/pablolizardo/.nvm/versions/node/v12.13.1/bin:/Users/pablolizardo/instantclient_19_3:/usr/local/bin:/usr/bin:/bin:/usr/sbin:/sbin:/usr/local/share/dotnet:/opt/X11/bin:/Library/Frameworks/Mono.framework/Versions/Current/Commands

Yarn version: 
  1.5.1

Node version: 
  12.13.1

Platform: 
  darwin x64

npm manifest: 
  {
    "name": "projects-api-server",
    "version": "1.0.0",
    "description": "",
    "main": "index.js",
    "scripts": {
      "db:seed": "node db/seeds/index.js",
      "db:truncate": "node db/seeds/truncate.js",
      "serve": "nodemon index.js",
      "test": "echo \"Error: no test specified\" && exit 1"
    },
    "author": "",
    "license": "ISC",
    "dependencies": {
      "body-parser": "^1.19.0",
      "cors": "^2.8.5",
      "dotenv": "^8.2.0",
      "express": "^4.17.1",
      "mongoose": "^5.10.12",
      "nodemon": "^2.0.6"
    }
  }

yarn manifest: 
  No manifest

Lockfile: 
  No lockfile

Trace: 
  Error: Command "start" not found.
      at new MessageError (/usr/local/Cellar/yarn/1.5.1_1/libexec/lib/cli.js:186:110)
      at /usr/local/Cellar/yarn/1.5.1_1/libexec/lib/cli.js:87307:17
      at Generator.next (<anonymous>)
      at step (/usr/local/Cellar/yarn/1.5.1_1/libexec/lib/cli.js:98:30)
      at /usr/local/Cellar/yarn/1.5.1_1/libexec/lib/cli.js:116:14
      at new Promise (<anonymous>)
      at new F (/usr/local/Cellar/yarn/1.5.1_1/libexec/lib/cli.js:23451:28)
      at /usr/local/Cellar/yarn/1.5.1_1/libexec/lib/cli.js:95:12
      at runCommand (/usr/local/Cellar/yarn/1.5.1_1/libexec/lib/cli.js:87312:22)
      at Object.<anonymous> (/usr/local/Cellar/yarn/1.5.1_1/libexec/lib/cli.js:87412:14)
